<?xml version="1.0" encoding="UTF-8"?>
<testsuite xmlns:xsi="http://www.w3.org/2001/XMLSchema-instance" xsi:noNamespaceSchemaLocation="https://maven.apache.org/surefire/maven-surefire-plugin/xsd/surefire-test-report.xsd" name="org.acme.reactive.crud.FruitResourceTest" time="12.8" tests="1" errors="0" skipped="0" failures="1">
  <properties>
[...]
</properties>
  <testcase name="testListAllFruits" classname="org.acme.reactive.crud.FruitResourceTest" time="1.51">
    <failure message="1 expectation failed.&#10;Expected status code &lt;200&gt; but was &lt;500&gt;.&#10;" type="java.lang.AssertionError"><![CDATA[java.lang.AssertionError: 
1 expectation failed.
Expected status code <200> but was <500>.

	at org.acme.reactive.crud.FruitResourceTest.testListAllFruits(FruitResourceTest.java:22)
]]></failure>
    <system-out><![CDATA[2020-06-02 09:21:05,299 INFO  [org.tes.doc.DockerClientProviderStrategy] (main) Loaded org.testcontainers.dockerclient.UnixSocketClientProviderStrategy from ~/.testcontainers.properties, will try it first
2020-06-02 09:21:05,948 INFO  [org.tes.doc.UnixSocketClientProviderStrategy] (main) Accessing docker with local Unix socket
2020-06-02 09:21:05,948 INFO  [org.tes.doc.DockerClientProviderStrategy] (main) Found Docker environment with local Unix socket (unix:///var/run/docker.sock)
2020-06-02 09:21:06,213 INFO  [org.tes.DockerClientFactory] (main) Docker host IP address is localhost
2020-06-02 09:21:06,254 INFO  [org.tes.DockerClientFactory] (main) Connected to docker: 
  Server Version: 18.09.2
  API Version: 1.39
  Operating System: Docker for Mac
  Total Memory: 4949 MB
2020-06-02 09:21:07,750 INFO  [org.tes.DockerClientFactory] (main) Ryuk started - will monitor and terminate Testcontainers containers on JVM exit
2020-06-02 09:21:07,750 INFO  [org.tes.DockerClientFactory] (main) Checking the system...
2020-06-02 09:21:07,751 INFO  [org.tes.DockerClientFactory] (main) ✔︎ Docker server version should be at least 1.6.0
2020-06-02 09:21:07,926 INFO  [org.tes.DockerClientFactory] (main) ✔︎ Docker environment should have more than 2GB free disk space
2020-06-02 09:21:07,992 INFO  [🐳 .5]] (main) Creating container for image: postgres:10.5
2020-06-02 09:21:08,182 INFO  [🐳 .5]] (main) Starting container with ID: b79681976b425978ecbce01a784cd4b3c832691b24b62e0403bb7cabab0756df
2020-06-02 09:21:08,763 INFO  [🐳 .5]] (main) Container postgres:10.5 is starting: b79681976b425978ecbce01a784cd4b3c832691b24b62e0403bb7cabab0756df
2020-06-02 09:21:11,597 INFO  [🐳 .5]] (main) Container postgres:10.5 started in PT6.310811S
2020-06-02 09:21:12,387 INFO  [io.quarkus] (main) Quarkus 999-SNAPSHOT on JVM started in 8.674s. Listening on: http://0.0.0.0:8081
2020-06-02 09:21:12,387 INFO  [io.quarkus] (main) Profile test activated. 
2020-06-02 09:21:12,387 INFO  [io.quarkus] (main) Installed features: [cdi, mutiny, reactive-pg-client, resteasy, resteasy-jsonb, resteasy-mutiny, vertx]
2020-06-02 09:21:13,783 ERROR [io.qua.ver.htt.run.QuarkusErrorHandler] (executor-thread-1) HTTP Request to /fruits failed, error id: fa82bf80-8370-4df3-af3e-9c175e9c1fc8-1: org.jboss.resteasy.spi.UnhandledException: io.netty.channel.AbstractChannel$AnnotatedConnectException: Connection refused: localhost/127.0.0.1:5432
	at org.jboss.resteasy.core.ExceptionHandler.handleException(ExceptionHandler.java:381)
	at org.jboss.resteasy.core.SynchronousDispatcher.writeException(SynchronousDispatcher.java:216)
	at org.jboss.resteasy.core.SynchronousDispatcher.invoke(SynchronousDispatcher.java:508)
	at org.jboss.resteasy.core.SynchronousDispatcher.lambda$invoke$4(SynchronousDispatcher.java:259)
	at org.jboss.resteasy.core.SynchronousDispatcher.lambda$preprocess$0(SynchronousDispatcher.java:160)
	at org.jboss.resteasy.core.interception.jaxrs.PreMatchContainerRequestContext.filter(PreMatchContainerRequestContext.java:362)
	at org.jboss.resteasy.core.SynchronousDispatcher.preprocess(SynchronousDispatcher.java:163)
	at org.jboss.resteasy.core.SynchronousDispatcher.invoke(SynchronousDispatcher.java:245)
	at io.quarkus.resteasy.runtime.standalone.RequestDispatcher.service(RequestDispatcher.java:73)
	at io.quarkus.resteasy.runtime.standalone.VertxRequestHandler.dispatch(VertxRequestHandler.java:132)
	at io.quarkus.resteasy.runtime.standalone.VertxRequestHandler.access$000(VertxRequestHandler.java:37)
	at io.quarkus.resteasy.runtime.standalone.VertxRequestHandler$1.run(VertxRequestHandler.java:94)
	at org.jboss.threads.ContextClassLoaderSavingRunnable.run(ContextClassLoaderSavingRunnable.java:35)
	at org.jboss.threads.EnhancedQueueExecutor.safeRun(EnhancedQueueExecutor.java:2046)
	at org.jboss.threads.EnhancedQueueExecutor$ThreadBody.doRunTask(EnhancedQueueExecutor.java:1578)
	at org.jboss.threads.EnhancedQueueExecutor$ThreadBody.run(EnhancedQueueExecutor.java:1452)
	at org.jboss.threads.DelegatingRunnable.run(DelegatingRunnable.java:29)
	at org.jboss.threads.ThreadLocalResettingRunnable.run(ThreadLocalResettingRunnable.java:29)
	at java.base/java.lang.Thread.run(Thread.java:834)
	at org.jboss.threads.JBossThread.run(JBossThread.java:479)
Caused by: io.netty.channel.AbstractChannel$AnnotatedConnectException: Connection refused: localhost/127.0.0.1:5432
Caused by: java.net.ConnectException: Connection refused
	at java.base/sun.nio.ch.SocketChannelImpl.checkConnect(Native Method)
	at java.base/sun.nio.ch.SocketChannelImpl.finishConnect(SocketChannelImpl.java:779)
	at io.netty.channel.socket.nio.NioSocketChannel.doFinishConnect(NioSocketChannel.java:330)
	at io.netty.channel.nio.AbstractNioChannel$AbstractNioUnsafe.finishConnect(AbstractNioChannel.java:334)
	at io.netty.channel.nio.NioEventLoop.processSelectedKey(NioEventLoop.java:702)
	at io.netty.channel.nio.NioEventLoop.processSelectedKeysOptimized(NioEventLoop.java:650)
	at io.netty.channel.nio.NioEventLoop.processSelectedKeys(NioEventLoop.java:576)
	at io.netty.channel.nio.NioEventLoop.run(NioEventLoop.java:493)
	at io.netty.util.concurrent.SingleThreadEventExecutor$4.run(SingleThreadEventExecutor.java:989)
	at io.netty.util.internal.ThreadExecutorMap$2.run(ThreadExecutorMap.java:74)
	at io.netty.util.concurrent.FastThreadLocalRunnable.run(FastThreadLocalRunnable.java:30)
	at java.base/java.lang.Thread.run(Thread.java:834)

]]></system-out>
  </testcase>
</testsuite>